android/app/build/intermediates/manifest_merge_blame_file/debug/manifest-merger-blame-debug-report.txt
1<?xml version="1.0" encoding="utf-8"?>
2<manifest xmlns:android="http://schemas.android.com/apk/res/android"
3    package="com.yallalala"
4    android:versionCode="1"
5    android:versionName="1.0" >
6
7    <uses-sdk
8        android:minSdkVersion="21"
9        android:targetSdkVersion="33" />
10
11    <uses-permission android:name="android.permission.SYSTEM_ALERT_WINDOW" />
11-->src/debug/AndroidManifest.xml:5:5-77
11-->src/debug/AndroidManifest.xml:5:22-75
12    <uses-permission android:name="android.permission.INTERNET" />
12-->src/main/AndroidManifest.xml:4:5-67
12-->src/main/AndroidManifest.xml:4:22-64
13    <uses-permission android:name="android.permission.BLUETOOTH" />
13-->src/main/AndroidManifest.xml:5:5-68
13-->src/main/AndroidManifest.xml:5:22-65
14    <uses-permission android:name="android.permission.BLUETOOTH_ADMIN" />
14-->src/main/AndroidManifest.xml:6:5-74
14-->src/main/AndroidManifest.xml:6:22-71
15
16    <uses-permission-sdk-23 android:name="android.permission.ACCESS_FINE_LOCATION" />
16-->src/main/AndroidManifest.xml:7:5-86
16-->src/main/AndroidManifest.xml:7:29-83
17
18    <uses-feature
18-->src/main/AndroidManifest.xml:8:5-90
19        android:name="android.hardware.bluetooth_le"
19-->src/main/AndroidManifest.xml:8:19-63
20        android:required="true" />
20-->src/main/AndroidManifest.xml:8:64-87
21    <uses-feature
21-->src/main/AndroidManifest.xml:9:5-87
22        android:name="android.hardware.bluetooth"
22-->src/main/AndroidManifest.xml:9:19-60
23        android:required="true" /> <!-- BLE scan on Android < 12 requires location at runtime -->
23-->src/main/AndroidManifest.xml:9:61-84
24    <uses-permission android:name="android.permission.ACCESS_FINE_LOCATION" />
24-->src/main/AndroidManifest.xml:12:5-79
24-->src/main/AndroidManifest.xml:12:22-76
25    <uses-permission
25-->src/main/AndroidManifest.xml:13:5-15:58
26        android:name="android.permission.BLUETOOTH_SCAN"
26-->src/main/AndroidManifest.xml:14:9-57
27        android:usesPermissionFlags="neverForLocation" />
27-->src/main/AndroidManifest.xml:15:9-55
28    <uses-permission android:name="android.permission.BLUETOOTH_CONNECT" />
28-->src/main/AndroidManifest.xml:16:5-76
28-->src/main/AndroidManifest.xml:16:22-73
29    <uses-permission android:name="android.permission.BLUETOOTH_ADVERTISE" /> <!-- ======== FEATURES ======== -->
29-->src/main/AndroidManifest.xml:17:5-78
29-->src/main/AndroidManifest.xml:17:22-75
30    <!-- Require BLE hardware -->
31    <uses-feature
31-->src/main/AndroidManifest.xml:8:5-90
32        android:name="android.hardware.bluetooth_le"
32-->src/main/AndroidManifest.xml:8:19-63
33        android:required="true" />
33-->src/main/AndroidManifest.xml:8:64-87
34    <uses-feature
34-->src/main/AndroidManifest.xml:9:5-87
35        android:name="android.hardware.bluetooth"
35-->src/main/AndroidManifest.xml:9:19-60
36        android:required="true" />
36-->src/main/AndroidManifest.xml:9:61-84
37
38    <uses-permission android:name="android.permission.ACCESS_WIFI_STATE" />
38-->[com.facebook.flipper:flipper:0.125.0] AndroidManifest.xml:16:5-76
38-->[com.facebook.flipper:flipper:0.125.0] AndroidManifest.xml:16:22-73
39    <uses-permission android:name="android.permission.ACCESS_COARSE_LOCATION" />
39-->[:react-native-ble-manager] AndroidManifest.xml:11:5-81
39-->[:react-native-ble-manager] AndroidManifest.xml:11:22-78
40
41    <uses-permission-sdk-23 android:name="android.permission.ACCESS_COARSE_LOCATION" />
41-->[com.github.Polidea:MultiPlatformBleAdapter:b0272c0fae040cc90f790481c54e8f2d45304339] AndroidManifest.xml:14:5-88
41-->[com.github.Polidea:MultiPlatformBleAdapter:b0272c0fae040cc90f790481c54e8f2d45304339] AndroidManifest.xml:14:29-85
42
43    <application
43-->src/main/AndroidManifest.xml:30:5-49:19
44        android:name="com.yallalala.MainApplication"
44-->src/main/AndroidManifest.xml:31:7-38
45        android:allowBackup="false"
45-->src/main/AndroidManifest.xml:35:7-34
46        android:appComponentFactory="androidx.core.app.CoreComponentFactory"
46-->[androidx.core:core:1.5.0] AndroidManifest.xml:24:18-86
47        android:debuggable="true"
48        android:icon="@mipmap/ic_launcher"
48-->src/main/AndroidManifest.xml:33:7-41
49        android:label="@string/app_name"
49-->src/main/AndroidManifest.xml:32:7-39
50        android:roundIcon="@mipmap/ic_launcher_round"
50-->src/main/AndroidManifest.xml:34:7-52
51        android:theme="@style/AppTheme"
51-->src/main/AndroidManifest.xml:36:7-38
52        android:usesCleartextTraffic="true" >
52-->src/debug/AndroidManifest.xml:8:9-44
53        <activity
53-->src/debug/AndroidManifest.xml:11:9-111
54            android:name="com.facebook.react.devsupport.DevSettingsActivity"
54-->src/debug/AndroidManifest.xml:11:19-83
55            android:exported="false" />
55-->src/debug/AndroidManifest.xml:11:84-108
56        <activity
56-->src/main/AndroidManifest.xml:37:7-48:18
57            android:name="com.yallalala.MainActivity"
57-->src/main/AndroidManifest.xml:38:9-37
58            android:configChanges="keyboard|keyboardHidden|orientation|screenLayout|screenSize|smallestScreenSize|uiMode"
58-->src/main/AndroidManifest.xml:40:9-118
59            android:exported="true"
59-->src/main/AndroidManifest.xml:43:9-32
60            android:label="@string/app_name"
60-->src/main/AndroidManifest.xml:39:9-41
61            android:launchMode="singleTask"
61-->src/main/AndroidManifest.xml:41:9-40
62            android:windowSoftInputMode="adjustResize" >
62-->src/main/AndroidManifest.xml:42:9-51
63            <intent-filter>
63-->src/main/AndroidManifest.xml:44:9-47:25
64                <action android:name="android.intent.action.MAIN" />
64-->src/main/AndroidManifest.xml:45:13-65
64-->src/main/AndroidManifest.xml:45:21-62
65
66                <category android:name="android.intent.category.LAUNCHER" />
66-->src/main/AndroidManifest.xml:46:13-73
66-->src/main/AndroidManifest.xml:46:23-70
67            </intent-filter>
68        </activity>
69        <activity
69-->[com.google.android.gms:play-services-base:18.1.0] AndroidManifest.xml:20:9-22:45
70            android:name="com.google.android.gms.common.api.GoogleApiActivity"
70-->[com.google.android.gms:play-services-base:18.1.0] AndroidManifest.xml:20:19-85
71            android:exported="false"
71-->[com.google.android.gms:play-services-base:18.1.0] AndroidManifest.xml:22:19-43
72            android:theme="@android:style/Theme.Translucent.NoTitleBar" />
72-->[com.google.android.gms:play-services-base:18.1.0] AndroidManifest.xml:21:19-78
73
74        <meta-data
74-->[com.google.android.gms:play-services-basement:18.1.0] AndroidManifest.xml:21:9-23:69
75            android:name="com.google.android.gms.version"
75-->[com.google.android.gms:play-services-basement:18.1.0] AndroidManifest.xml:22:13-58
76            android:value="@integer/google_play_services_version" />
76-->[com.google.android.gms:play-services-basement:18.1.0] AndroidManifest.xml:23:13-66
77    </application>
78
79</manifest>